<?xml version="1.0" encoding="UTF-8"?>
<testsuite name="com.pointwest.googletoken.validator.GoogleTokenValidatorApplicationTests" time="0.007" tests="1" errors="1" skipped="0" failures="0">
  <properties>
    <property name="java.runtime.name" value="Java(TM) SE Runtime Environment"/>
    <property name="sun.boot.library.path" value="C:\Program Files\Java\jdk1.8.0_71\jre\bin"/>
    <property name="java.vm.version" value="25.71-b15"/>
    <property name="java.vm.vendor" value="Oracle Corporation"/>
    <property name="java.vendor.url" value="http://java.oracle.com/"/>
    <property name="path.separator" value=";"/>
    <property name="guice.disable.misplaced.annotation.check" value="true"/>
    <property name="java.vm.name" value="Java HotSpot(TM) 64-Bit Server VM"/>
    <property name="file.encoding.pkg" value="sun.io"/>
    <property name="user.script" value=""/>
    <property name="user.country" value="PH"/>
    <property name="sun.java.launcher" value="SUN_STANDARD"/>
    <property name="sun.os.patch.level" value="Service Pack 1"/>
    <property name="java.vm.specification.name" value="Java Virtual Machine Specification"/>
    <property name="user.dir" value="C:\Users\bryan.batanes\workspace_workforce_planner_f\pw-auth"/>
    <property name="java.runtime.version" value="1.8.0_71-b15"/>
    <property name="java.awt.graphicsenv" value="sun.awt.Win32GraphicsEnvironment"/>
    <property name="java.endorsed.dirs" value="C:\Program Files\Java\jdk1.8.0_71\jre\lib\endorsed"/>
    <property name="os.arch" value="amd64"/>
    <property name="java.io.tmpdir" value="C:\Users\BRYAN~2.BAT\AppData\Local\Temp\"/>
    <property name="line.separator" value="&#10;"/>
    <property name="java.vm.specification.vendor" value="Oracle Corporation"/>
    <property name="user.variant" value=""/>
    <property name="os.name" value="Windows 7"/>
    <property name="classworlds.conf" value="C:\Users\bryan.batanes\workspace_workforce_planner_f\.metadata\.plugins\org.eclipse.m2e.launching\launches\m2conf6955599194918974960.tmp"/>
    <property name="sun.jnu.encoding" value="Cp1252"/>
    <property name="java.library.path" value="C:\Program Files\Java\jdk1.8.0_71\bin;C:\Windows\Sun\Java\bin;C:\Windows\system32;C:\Windows;C:/Program Files/Java/jdk1.8.0_71/bin/../jre/bin/server;C:/Program Files/Java/jdk1.8.0_71/bin/../jre/bin;C:/Program Files/Java/jdk1.8.0_71/bin/../jre/lib/amd64;C:\ProgramData\Oracle\Java\javapath;C:\Program Files\Common Files\Microsoft Shared\Windows Live;C:\Program Files (x86)\Common Files\Microsoft Shared\Windows Live;C:\Program Files (x86)\Intel\iCLS Client\;C:\Program Files\Intel\iCLS Client\;C:\Windows\system32;C:\Windows;C:\Windows\System32\Wbem;C:\Windows\System32\WindowsPowerShell\v1.0\;C:\Program Files\Intel\Intel(R) Management Engine Components\DAL;C:\Program Files\Intel\Intel(R) Management Engine Components\IPT;C:\Program Files (x86)\Intel\Intel(R) Management Engine Components\DAL;C:\Program Files (x86)\Intel\Intel(R) Management Engine Components\IPT;C:\Program Files\Dell\Dell Data Protection\Access\Advanced\Wave\Gemalto\Access Client\v5\;C:\Program Files (x86)\Security Innovation\SI TSS\bin\;C:\Program Files (x86)\Windows Live\Shared;C:\Program Files (x86)\Java\jdk1.7.0_75\bin;C:\Program Files\MySQL\MySQL Server 5.6\bin;C:\Program Files (x86)\Apache\Maven\bin;C:\Program Files (x86)\Skype\Phone\;c:\Program Files\Microsoft SQL Server\110\Tools\Binn\;c:\Program Files (x86)\Microsoft SQL Server\110\Tools\Binn\;c:\Program Files\Microsoft SQL Server\110\DTS\Binn\;c:\Program Files (x86)\Microsoft SQL Server\110\Tools\Binn\ManagementStudio\;c:\Program Files (x86)\Microsoft SQL Server\110\DTS\Binn\;C:\Program Files (x86)\Microsoft SQL Server Migration Assistant for MySQL\bin\;C:\Program Files (x86)\PuTTY\;C:\Program Files\Cloud Foundry;C:\Program Files\Git\cmd;C:\Program Files\eclipse-luna;;."/>
    <property name="java.specification.name" value="Java Platform API Specification"/>
    <property name="java.class.version" value="52.0"/>
    <property name="sun.management.compiler" value="HotSpot 64-Bit Tiered Compilers"/>
    <property name="os.version" value="6.1"/>
    <property name="user.home" value="C:\Users\bryan.batanes"/>
    <property name="user.timezone" value="Asia/Singapore"/>
    <property name="java.awt.printerjob" value="sun.awt.windows.WPrinterJob"/>
    <property name="java.specification.version" value="1.8"/>
    <property name="file.encoding" value="Cp1252"/>
    <property name="user.name" value="bryan.batanes"/>
    <property name="java.class.path" value="/C:/Program Files/eclipse-luna/plugins/org.eclipse.m2e.maven.runtime_1.5.0.20140605-2032/jars/plexus-classworlds-2.5.1.jar"/>
    <property name="org.slf4j.simpleLogger.defaultLogLevel" value="info"/>
    <property name="java.vm.specification.version" value="1.8"/>
    <property name="sun.arch.data.model" value="64"/>
    <property name="java.home" value="C:\Program Files\Java\jdk1.8.0_71\jre"/>
    <property name="sun.java.command" value="org.codehaus.plexus.classworlds.launcher.Launcher -B install"/>
    <property name="java.specification.vendor" value="Oracle Corporation"/>
    <property name="user.language" value="en"/>
    <property name="awt.toolkit" value="sun.awt.windows.WToolkit"/>
    <property name="java.vm.info" value="mixed mode"/>
    <property name="java.version" value="1.8.0_71"/>
    <property name="java.ext.dirs" value="C:\Program Files\Java\jdk1.8.0_71\jre\lib\ext;C:\Windows\Sun\Java\lib\ext"/>
    <property name="sun.boot.class.path" value="C:\Program Files\Java\jdk1.8.0_71\jre\lib\resources.jar;C:\Program Files\Java\jdk1.8.0_71\jre\lib\rt.jar;C:\Program Files\Java\jdk1.8.0_71\jre\lib\sunrsasign.jar;C:\Program Files\Java\jdk1.8.0_71\jre\lib\jsse.jar;C:\Program Files\Java\jdk1.8.0_71\jre\lib\jce.jar;C:\Program Files\Java\jdk1.8.0_71\jre\lib\charsets.jar;C:\Program Files\Java\jdk1.8.0_71\jre\lib\jfr.jar;C:\Program Files\Java\jdk1.8.0_71\jre\classes"/>
    <property name="java.vendor" value="Oracle Corporation"/>
    <property name="maven.home" value="C:\Users\bryan.batanes\workspace_workforce_planner_f\pw-auth\EMBEDDED"/>
    <property name="file.separator" value="\"/>
    <property name="java.vendor.url.bug" value="http://bugreport.sun.com/bugreport/"/>
    <property name="sun.cpu.endian" value="little"/>
    <property name="sun.io.unicode.encoding" value="UnicodeLittle"/>
    <property name="sun.desktop" value="windows"/>
    <property name="sun.cpu.isalist" value="amd64"/>
  </properties>
  <testcase name="initializationError" classname="com.pointwest.googletoken.validator.GoogleTokenValidatorApplicationTests" time="0.007">
    <error message="Unable to find a @SpringBootConfiguration, you need to use @ContextConfiguration or @SpringBootTest(classes=...) with your test" type="java.lang.IllegalStateException"><![CDATA[java.lang.IllegalStateException: Unable to find a @SpringBootConfiguration, you need to use @ContextConfiguration or @SpringBootTest(classes=...) with your test
	at org.springframework.util.Assert.state(Assert.java:70)
	at org.springframework.boot.test.context.SpringBootTestContextBootstrapper.getOrFindConfigurationClasses(SpringBootTestContextBootstrapper.java:173)
	at org.springframework.boot.test.context.SpringBootTestContextBootstrapper.processMergedContextConfiguration(SpringBootTestContextBootstrapper.java:133)
	at org.springframework.test.context.support.AbstractTestContextBootstrapper.buildMergedContextConfiguration(AbstractTestContextBootstrapper.java:409)
	at org.springframework.test.context.support.AbstractTestContextBootstrapper.buildDefaultMergedContextConfiguration(AbstractTestContextBootstrapper.java:323)
	at org.springframework.test.context.support.AbstractTestContextBootstrapper.buildMergedContextConfiguration(AbstractTestContextBootstrapper.java:277)
	at org.springframework.test.context.support.AbstractTestContextBootstrapper.buildTestContext(AbstractTestContextBootstrapper.java:112)
	at org.springframework.boot.test.context.SpringBootTestContextBootstrapper.buildTestContext(SpringBootTestContextBootstrapper.java:78)
	at org.springframework.test.context.TestContextManager.<init>(TestContextManager.java:120)
	at org.springframework.test.context.TestContextManager.<init>(TestContextManager.java:105)
	at org.springframework.test.context.junit4.SpringJUnit4ClassRunner.createTestContextManager(SpringJUnit4ClassRunner.java:152)
	at org.springframework.test.context.junit4.SpringJUnit4ClassRunner.<init>(SpringJUnit4ClassRunner.java:143)
	at org.springframework.test.context.junit4.SpringRunner.<init>(SpringRunner.java:49)
	at sun.reflect.NativeConstructorAccessorImpl.newInstance0(Native Method)
	at sun.reflect.NativeConstructorAccessorImpl.newInstance(NativeConstructorAccessorImpl.java:62)
	at sun.reflect.DelegatingConstructorAccessorImpl.newInstance(DelegatingConstructorAccessorImpl.java:45)
	at java.lang.reflect.Constructor.newInstance(Constructor.java:422)
	at org.junit.internal.builders.AnnotatedBuilder.buildRunner(AnnotatedBuilder.java:104)
	at org.junit.internal.builders.AnnotatedBuilder.runnerForClass(AnnotatedBuilder.java:86)
	at org.junit.runners.model.RunnerBuilder.safeRunnerForClass(RunnerBuilder.java:59)
	at org.junit.internal.builders.AllDefaultPossibilitiesBuilder.runnerForClass(AllDefaultPossibilitiesBuilder.java:26)
	at org.junit.runners.model.RunnerBuilder.safeRunnerForClass(RunnerBuilder.java:59)
	at org.junit.internal.requests.ClassRequest.getRunner(ClassRequest.java:33)
	at org.apache.maven.surefire.junit4.JUnit4Provider.execute(JUnit4Provider.java:283)
	at org.apache.maven.surefire.junit4.JUnit4Provider.executeWithRerun(JUnit4Provider.java:173)
	at org.apache.maven.surefire.junit4.JUnit4Provider.executeTestSet(JUnit4Provider.java:153)
	at org.apache.maven.surefire.junit4.JUnit4Provider.invoke(JUnit4Provider.java:128)
	at org.apache.maven.surefire.booter.ForkedBooter.invokeProviderInSameClassLoader(ForkedBooter.java:203)
	at org.apache.maven.surefire.booter.ForkedBooter.runSuitesInProcess(ForkedBooter.java:155)
	at org.apache.maven.surefire.booter.ForkedBooter.main(ForkedBooter.java:103)
]]></error>
    <system-out><![CDATA[16:48:29.767 [main] DEBUG org.springframework.test.context.junit4.SpringJUnit4ClassRunner - SpringJUnit4ClassRunner constructor called with [class com.pointwest.googletoken.validator.GoogleTokenValidatorApplicationTests]
16:48:29.773 [main] DEBUG org.springframework.test.context.BootstrapUtils - Instantiating CacheAwareContextLoaderDelegate from class [org.springframework.test.context.cache.DefaultCacheAwareContextLoaderDelegate]
16:48:29.781 [main] DEBUG org.springframework.test.context.BootstrapUtils - Instantiating BootstrapContext using constructor [public org.springframework.test.context.support.DefaultBootstrapContext(java.lang.Class,org.springframework.test.context.CacheAwareContextLoaderDelegate)]
16:48:29.800 [main] DEBUG org.springframework.test.context.BootstrapUtils - Instantiating TestContextBootstrapper for test class [com.pointwest.googletoken.validator.GoogleTokenValidatorApplicationTests] from class [org.springframework.boot.test.context.SpringBootTestContextBootstrapper]
16:48:29.812 [main] INFO org.springframework.boot.test.context.SpringBootTestContextBootstrapper - Neither @ContextConfiguration nor @ContextHierarchy found for test class [com.pointwest.googletoken.validator.GoogleTokenValidatorApplicationTests], using SpringBootContextLoader
16:48:29.815 [main] DEBUG org.springframework.test.context.support.AbstractContextLoader - Did not detect default resource location for test class [com.pointwest.googletoken.validator.GoogleTokenValidatorApplicationTests]: class path resource [com/pointwest/googletoken/validator/GoogleTokenValidatorApplicationTests-context.xml] does not exist
16:48:29.816 [main] DEBUG org.springframework.test.context.support.AbstractContextLoader - Did not detect default resource location for test class [com.pointwest.googletoken.validator.GoogleTokenValidatorApplicationTests]: class path resource [com/pointwest/googletoken/validator/GoogleTokenValidatorApplicationTestsContext.groovy] does not exist
16:48:29.816 [main] INFO org.springframework.test.context.support.AbstractContextLoader - Could not detect default resource locations for test class [com.pointwest.googletoken.validator.GoogleTokenValidatorApplicationTests]: no resource found for suffixes {-context.xml, Context.groovy}.
16:48:29.817 [main] INFO org.springframework.test.context.support.AnnotationConfigContextLoaderUtils - Could not detect default configuration classes for test class [com.pointwest.googletoken.validator.GoogleTokenValidatorApplicationTests]: GoogleTokenValidatorApplicationTests does not declare any static, non-private, non-final, nested classes annotated with @Configuration.
16:48:29.849 [main] DEBUG org.springframework.test.context.support.ActiveProfilesUtils - Could not find an 'annotation declaring class' for annotation type [org.springframework.test.context.ActiveProfiles] and class [com.pointwest.googletoken.validator.GoogleTokenValidatorApplicationTests]
16:48:29.857 [main] DEBUG org.springframework.core.env.StandardEnvironment - Adding [systemProperties] PropertySource with lowest search precedence
16:48:29.858 [main] DEBUG org.springframework.core.env.StandardEnvironment - Adding [systemEnvironment] PropertySource with lowest search precedence
16:48:29.858 [main] DEBUG org.springframework.core.env.StandardEnvironment - Initialized StandardEnvironment with PropertySources [systemProperties,systemEnvironment]
16:48:29.867 [main] DEBUG org.springframework.core.io.support.PathMatchingResourcePatternResolver - Resolved classpath location [com/pointwest/googletoken/validator/] to resources [URL [file:/C:/Users/bryan.batanes/workspace_workforce_planner_f/pw-auth/target/test-classes/com/pointwest/googletoken/validator/]]
16:48:29.868 [main] DEBUG org.springframework.core.io.support.PathMatchingResourcePatternResolver - Looking for matching resources in directory tree [C:\Users\bryan.batanes\workspace_workforce_planner_f\pw-auth\target\test-classes\com\pointwest\googletoken\validator]
16:48:29.868 [main] DEBUG org.springframework.core.io.support.PathMatchingResourcePatternResolver - Searching directory [C:\Users\bryan.batanes\workspace_workforce_planner_f\pw-auth\target\test-classes\com\pointwest\googletoken\validator] for files matching pattern [C:/Users/bryan.batanes/workspace_workforce_planner_f/pw-auth/target/test-classes/com/pointwest/googletoken/validator/*.class]
16:48:29.871 [main] DEBUG org.springframework.core.io.support.PathMatchingResourcePatternResolver - Resolved location pattern [classpath*:com/pointwest/googletoken/validator/*.class] to resources [file [C:\Users\bryan.batanes\workspace_workforce_planner_f\pw-auth\target\test-classes\com\pointwest\googletoken\validator\GoogleTokenValidatorApplicationTests.class]]
16:48:29.885 [main] DEBUG org.springframework.core.io.support.PathMatchingResourcePatternResolver - Resolved classpath location [com/pointwest/googletoken/] to resources [URL [file:/C:/Users/bryan.batanes/workspace_workforce_planner_f/pw-auth/target/test-classes/com/pointwest/googletoken/]]
16:48:29.885 [main] DEBUG org.springframework.core.io.support.PathMatchingResourcePatternResolver - Looking for matching resources in directory tree [C:\Users\bryan.batanes\workspace_workforce_planner_f\pw-auth\target\test-classes\com\pointwest\googletoken]
16:48:29.885 [main] DEBUG org.springframework.core.io.support.PathMatchingResourcePatternResolver - Searching directory [C:\Users\bryan.batanes\workspace_workforce_planner_f\pw-auth\target\test-classes\com\pointwest\googletoken] for files matching pattern [C:/Users/bryan.batanes/workspace_workforce_planner_f/pw-auth/target/test-classes/com/pointwest/googletoken/*.class]
16:48:29.886 [main] DEBUG org.springframework.core.io.support.PathMatchingResourcePatternResolver - Resolved location pattern [classpath*:com/pointwest/googletoken/*.class] to resources []
16:48:29.886 [main] DEBUG org.springframework.core.io.support.PathMatchingResourcePatternResolver - Resolved classpath location [com/pointwest/] to resources [URL [file:/C:/Users/bryan.batanes/workspace_workforce_planner_f/pw-auth/target/test-classes/com/pointwest/], URL [file:/C:/Users/bryan.batanes/workspace_workforce_planner_f/pw-auth/target/classes/com/pointwest/]]
16:48:29.886 [main] DEBUG org.springframework.core.io.support.PathMatchingResourcePatternResolver - Looking for matching resources in directory tree [C:\Users\bryan.batanes\workspace_workforce_planner_f\pw-auth\target\test-classes\com\pointwest]
16:48:29.886 [main] DEBUG org.springframework.core.io.support.PathMatchingResourcePatternResolver - Searching directory [C:\Users\bryan.batanes\workspace_workforce_planner_f\pw-auth\target\test-classes\com\pointwest] for files matching pattern [C:/Users/bryan.batanes/workspace_workforce_planner_f/pw-auth/target/test-classes/com/pointwest/*.class]
16:48:29.887 [main] DEBUG org.springframework.core.io.support.PathMatchingResourcePatternResolver - Looking for matching resources in directory tree [C:\Users\bryan.batanes\workspace_workforce_planner_f\pw-auth\target\classes\com\pointwest]
16:48:29.887 [main] DEBUG org.springframework.core.io.support.PathMatchingResourcePatternResolver - Searching directory [C:\Users\bryan.batanes\workspace_workforce_planner_f\pw-auth\target\classes\com\pointwest] for files matching pattern [C:/Users/bryan.batanes/workspace_workforce_planner_f/pw-auth/target/classes/com/pointwest/*.class]
16:48:29.888 [main] DEBUG org.springframework.core.io.support.PathMatchingResourcePatternResolver - Resolved location pattern [classpath*:com/pointwest/*.class] to resources []
16:48:29.889 [main] DEBUG org.springframework.core.io.support.PathMatchingResourcePatternResolver - Resolved classpath location [com/] to resources [URL [file:/C:/Users/bryan.batanes/workspace_workforce_planner_f/pw-auth/target/test-classes/com/], URL [file:/C:/Users/bryan.batanes/workspace_workforce_planner_f/pw-auth/target/classes/com/], URL [jar:file:/C:/Users/bryan.batanes/.m2/repository/com/fasterxml/classmate/1.3.3/classmate-1.3.3.jar!/com/], URL [jar:file:/C:/Users/bryan.batanes/.m2/repository/com/fasterxml/jackson/core/jackson-databind/2.8.7/jackson-databind-2.8.7.jar!/com/], URL [jar:file:/C:/Users/bryan.batanes/.m2/repository/com/fasterxml/jackson/core/jackson-annotations/2.8.7/jackson-annotations-2.8.7.jar!/com/], URL [jar:file:/C:/Users/bryan.batanes/.m2/repository/com/fasterxml/jackson/core/jackson-core/2.8.7/jackson-core-2.8.7.jar!/com/], URL [jar:file:/C:/Users/bryan.batanes/.m2/repository/com/jayway/jsonpath/json-path/2.2.0/json-path-2.2.0.jar!/com/], URL [jar:file:/C:/Users/bryan.batanes/.m2/repository/mysql/mysql-connector-java/5.1.41/mysql-connector-java-5.1.41.jar!/com/], URL [jar:file:/C:/Users/bryan.batanes/.m2/repository/com/google/api-client/google-api-client/1.22.0/google-api-client-1.22.0.jar!/com/], URL [jar:file:/C:/Users/bryan.batanes/.m2/repository/com/google/oauth-client/google-oauth-client/1.22.0/google-oauth-client-1.22.0.jar!/com/], URL [jar:file:/C:/Users/bryan.batanes/.m2/repository/com/google/http-client/google-http-client-jackson2/1.22.0/google-http-client-jackson2-1.22.0.jar!/com/], URL [jar:file:/C:/Users/bryan.batanes/.m2/repository/com/google/guava/guava-jdk5/17.0/guava-jdk5-17.0.jar!/com/], URL [jar:file:/C:/Users/bryan.batanes/.m2/repository/com/google/http-client/google-http-client-gson/1.22.0/google-http-client-gson-1.22.0.jar!/com/], URL [jar:file:/C:/Users/bryan.batanes/.m2/repository/com/google/http-client/google-http-client/1.22.0/google-http-client-1.22.0.jar!/com/], URL [jar:file:/C:/Users/bryan.batanes/.m2/repository/com/google/code/gson/gson/2.7/gson-2.7.jar!/com/], URL [jar:file:/C:/Users/bryan.batanes/.m2/repository/com/google/http-client/google-http-client-jackson/1.22.0/google-http-client-jackson-1.22.0.jar!/com/], URL [jar:file:/C:/Users/bryan.batanes/.m2/repository/com/auth0/java-jwt/3.1.0/java-jwt-3.1.0.jar!/com/]]
16:48:29.889 [main] DEBUG org.springframework.core.io.support.PathMatchingResourcePatternResolver - Looking for matching resources in directory tree [C:\Users\bryan.batanes\workspace_workforce_planner_f\pw-auth\target\test-classes\com]
16:48:29.889 [main] DEBUG org.springframework.core.io.support.PathMatchingResourcePatternResolver - Searching directory [C:\Users\bryan.batanes\workspace_workforce_planner_f\pw-auth\target\test-classes\com] for files matching pattern [C:/Users/bryan.batanes/workspace_workforce_planner_f/pw-auth/target/test-classes/com/*.class]
16:48:29.890 [main] DEBUG org.springframework.core.io.support.PathMatchingResourcePatternResolver - Looking for matching resources in directory tree [C:\Users\bryan.batanes\workspace_workforce_planner_f\pw-auth\target\classes\com]
16:48:29.890 [main] DEBUG org.springframework.core.io.support.PathMatchingResourcePatternResolver - Searching directory [C:\Users\bryan.batanes\workspace_workforce_planner_f\pw-auth\target\classes\com] for files matching pattern [C:/Users/bryan.batanes/workspace_workforce_planner_f/pw-auth/target/classes/com/*.class]
16:48:29.890 [main] DEBUG org.springframework.core.io.support.PathMatchingResourcePatternResolver - Looking for matching resources in jar file [file:/C:/Users/bryan.batanes/.m2/repository/com/fasterxml/classmate/1.3.3/classmate-1.3.3.jar]
16:48:29.893 [main] DEBUG org.springframework.core.io.support.PathMatchingResourcePatternResolver - Looking for matching resources in jar file [file:/C:/Users/bryan.batanes/.m2/repository/com/fasterxml/jackson/core/jackson-databind/2.8.7/jackson-databind-2.8.7.jar]
16:48:29.902 [main] DEBUG org.springframework.core.io.support.PathMatchingResourcePatternResolver - Looking for matching resources in jar file [file:/C:/Users/bryan.batanes/.m2/repository/com/fasterxml/jackson/core/jackson-annotations/2.8.7/jackson-annotations-2.8.7.jar]
16:48:29.903 [main] DEBUG org.springframework.core.io.support.PathMatchingResourcePatternResolver - Looking for matching resources in jar file [file:/C:/Users/bryan.batanes/.m2/repository/com/fasterxml/jackson/core/jackson-core/2.8.7/jackson-core-2.8.7.jar]
16:48:29.906 [main] DEBUG org.springframework.core.io.support.PathMatchingResourcePatternResolver - Looking for matching resources in jar file [file:/C:/Users/bryan.batanes/.m2/repository/com/jayway/jsonpath/json-path/2.2.0/json-path-2.2.0.jar]
16:48:29.907 [main] DEBUG org.springframework.core.io.support.PathMatchingResourcePatternResolver - Looking for matching resources in jar file [file:/C:/Users/bryan.batanes/.m2/repository/mysql/mysql-connector-java/5.1.41/mysql-connector-java-5.1.41.jar]
16:48:29.909 [main] DEBUG org.springframework.core.io.support.PathMatchingResourcePatternResolver - Looking for matching resources in jar file [file:/C:/Users/bryan.batanes/.m2/repository/com/google/api-client/google-api-client/1.22.0/google-api-client-1.22.0.jar]
16:48:29.910 [main] DEBUG org.springframework.core.io.support.PathMatchingResourcePatternResolver - Looking for matching resources in jar file [file:/C:/Users/bryan.batanes/.m2/repository/com/google/oauth-client/google-oauth-client/1.22.0/google-oauth-client-1.22.0.jar]
16:48:29.911 [main] DEBUG org.springframework.core.io.support.PathMatchingResourcePatternResolver - Looking for matching resources in jar file [file:/C:/Users/bryan.batanes/.m2/repository/com/google/http-client/google-http-client-jackson2/1.22.0/google-http-client-jackson2-1.22.0.jar]
16:48:29.911 [main] DEBUG org.springframework.core.io.support.PathMatchingResourcePatternResolver - Looking for matching resources in jar file [file:/C:/Users/bryan.batanes/.m2/repository/com/google/guava/guava-jdk5/17.0/guava-jdk5-17.0.jar]
16:48:29.918 [main] DEBUG org.springframework.core.io.support.PathMatchingResourcePatternResolver - Looking for matching resources in jar file [file:/C:/Users/bryan.batanes/.m2/repository/com/google/http-client/google-http-client-gson/1.22.0/google-http-client-gson-1.22.0.jar]
16:48:29.918 [main] DEBUG org.springframework.core.io.support.PathMatchingResourcePatternResolver - Looking for matching resources in jar file [file:/C:/Users/bryan.batanes/.m2/repository/com/google/http-client/google-http-client/1.22.0/google-http-client-1.22.0.jar]
16:48:29.920 [main] DEBUG org.springframework.core.io.support.PathMatchingResourcePatternResolver - Looking for matching resources in jar file [file:/C:/Users/bryan.batanes/.m2/repository/com/google/code/gson/gson/2.7/gson-2.7.jar]
16:48:29.921 [main] DEBUG org.springframework.core.io.support.PathMatchingResourcePatternResolver - Looking for matching resources in jar file [file:/C:/Users/bryan.batanes/.m2/repository/com/google/http-client/google-http-client-jackson/1.22.0/google-http-client-jackson-1.22.0.jar]
16:48:29.921 [main] DEBUG org.springframework.core.io.support.PathMatchingResourcePatternResolver - Looking for matching resources in jar file [file:/C:/Users/bryan.batanes/.m2/repository/com/auth0/java-jwt/3.1.0/java-jwt-3.1.0.jar]
16:48:29.922 [main] DEBUG org.springframework.core.io.support.PathMatchingResourcePatternResolver - Resolved location pattern [classpath*:com/*.class] to resources []
16:48:29.926 [main] DEBUG org.springframework.test.context.junit4.SpringJUnit4ClassRunner - SpringJUnit4ClassRunner constructor called with [class com.pointwest.googletoken.validator.GoogleTokenValidatorApplicationTests]
16:48:29.926 [main] DEBUG org.springframework.test.context.BootstrapUtils - Instantiating CacheAwareContextLoaderDelegate from class [org.springframework.test.context.cache.DefaultCacheAwareContextLoaderDelegate]
16:48:29.926 [main] DEBUG org.springframework.test.context.BootstrapUtils - Instantiating BootstrapContext using constructor [public org.springframework.test.context.support.DefaultBootstrapContext(java.lang.Class,org.springframework.test.context.CacheAwareContextLoaderDelegate)]
16:48:29.927 [main] DEBUG org.springframework.test.context.BootstrapUtils - Instantiating TestContextBootstrapper for test class [com.pointwest.googletoken.validator.GoogleTokenValidatorApplicationTests] from class [org.springframework.boot.test.context.SpringBootTestContextBootstrapper]
16:48:29.927 [main] INFO org.springframework.boot.test.context.SpringBootTestContextBootstrapper - Neither @ContextConfiguration nor @ContextHierarchy found for test class [com.pointwest.googletoken.validator.GoogleTokenValidatorApplicationTests], using SpringBootContextLoader
16:48:29.928 [main] DEBUG org.springframework.test.context.support.AbstractContextLoader - Did not detect default resource location for test class [com.pointwest.googletoken.validator.GoogleTokenValidatorApplicationTests]: class path resource [com/pointwest/googletoken/validator/GoogleTokenValidatorApplicationTests-context.xml] does not exist
16:48:29.928 [main] DEBUG org.springframework.test.context.support.AbstractContextLoader - Did not detect default resource location for test class [com.pointwest.googletoken.validator.GoogleTokenValidatorApplicationTests]: class path resource [com/pointwest/googletoken/validator/GoogleTokenValidatorApplicationTestsContext.groovy] does not exist
16:48:29.929 [main] INFO org.springframework.test.context.support.AbstractContextLoader - Could not detect default resource locations for test class [com.pointwest.googletoken.validator.GoogleTokenValidatorApplicationTests]: no resource found for suffixes {-context.xml, Context.groovy}.
16:48:29.929 [main] INFO org.springframework.test.context.support.AnnotationConfigContextLoaderUtils - Could not detect default configuration classes for test class [com.pointwest.googletoken.validator.GoogleTokenValidatorApplicationTests]: GoogleTokenValidatorApplicationTests does not declare any static, non-private, non-final, nested classes annotated with @Configuration.
16:48:29.933 [main] DEBUG org.springframework.test.context.support.ActiveProfilesUtils - Could not find an 'annotation declaring class' for annotation type [org.springframework.test.context.ActiveProfiles] and class [com.pointwest.googletoken.validator.GoogleTokenValidatorApplicationTests]
16:48:29.934 [main] DEBUG org.springframework.core.env.StandardEnvironment - Adding [systemProperties] PropertySource with lowest search precedence
16:48:29.934 [main] DEBUG org.springframework.core.env.StandardEnvironment - Adding [systemEnvironment] PropertySource with lowest search precedence
16:48:29.934 [main] DEBUG org.springframework.core.env.StandardEnvironment - Initialized StandardEnvironment with PropertySources [systemProperties,systemEnvironment]
16:48:29.935 [main] DEBUG org.springframework.core.io.support.PathMatchingResourcePatternResolver - Resolved classpath location [com/pointwest/googletoken/validator/] to resources [URL [file:/C:/Users/bryan.batanes/workspace_workforce_planner_f/pw-auth/target/test-classes/com/pointwest/googletoken/validator/]]
16:48:29.935 [main] DEBUG org.springframework.core.io.support.PathMatchingResourcePatternResolver - Looking for matching resources in directory tree [C:\Users\bryan.batanes\workspace_workforce_planner_f\pw-auth\target\test-classes\com\pointwest\googletoken\validator]
16:48:29.935 [main] DEBUG org.springframework.core.io.support.PathMatchingResourcePatternResolver - Searching directory [C:\Users\bryan.batanes\workspace_workforce_planner_f\pw-auth\target\test-classes\com\pointwest\googletoken\validator] for files matching pattern [C:/Users/bryan.batanes/workspace_workforce_planner_f/pw-auth/target/test-classes/com/pointwest/googletoken/validator/*.class]
16:48:29.936 [main] DEBUG org.springframework.core.io.support.PathMatchingResourcePatternResolver - Resolved location pattern [classpath*:com/pointwest/googletoken/validator/*.class] to resources [file [C:\Users\bryan.batanes\workspace_workforce_planner_f\pw-auth\target\test-classes\com\pointwest\googletoken\validator\GoogleTokenValidatorApplicationTests.class]]
16:48:29.937 [main] DEBUG org.springframework.core.io.support.PathMatchingResourcePatternResolver - Resolved classpath location [com/pointwest/googletoken/] to resources [URL [file:/C:/Users/bryan.batanes/workspace_workforce_planner_f/pw-auth/target/test-classes/com/pointwest/googletoken/]]
16:48:29.937 [main] DEBUG org.springframework.core.io.support.PathMatchingResourcePatternResolver - Looking for matching resources in directory tree [C:\Users\bryan.batanes\workspace_workforce_planner_f\pw-auth\target\test-classes\com\pointwest\googletoken]
16:48:29.938 [main] DEBUG org.springframework.core.io.support.PathMatchingResourcePatternResolver - Searching directory [C:\Users\bryan.batanes\workspace_workforce_planner_f\pw-auth\target\test-classes\com\pointwest\googletoken] for files matching pattern [C:/Users/bryan.batanes/workspace_workforce_planner_f/pw-auth/target/test-classes/com/pointwest/googletoken/*.class]
16:48:29.938 [main] DEBUG org.springframework.core.io.support.PathMatchingResourcePatternResolver - Resolved location pattern [classpath*:com/pointwest/googletoken/*.class] to resources []
16:48:29.939 [main] DEBUG org.springframework.core.io.support.PathMatchingResourcePatternResolver - Resolved classpath location [com/pointwest/] to resources [URL [file:/C:/Users/bryan.batanes/workspace_workforce_planner_f/pw-auth/target/test-classes/com/pointwest/], URL [file:/C:/Users/bryan.batanes/workspace_workforce_planner_f/pw-auth/target/classes/com/pointwest/]]
16:48:29.939 [main] DEBUG org.springframework.core.io.support.PathMatchingResourcePatternResolver - Looking for matching resources in directory tree [C:\Users\bryan.batanes\workspace_workforce_planner_f\pw-auth\target\test-classes\com\pointwest]
16:48:29.939 [main] DEBUG org.springframework.core.io.support.PathMatchingResourcePatternResolver - Searching directory [C:\Users\bryan.batanes\workspace_workforce_planner_f\pw-auth\target\test-classes\com\pointwest] for files matching pattern [C:/Users/bryan.batanes/workspace_workforce_planner_f/pw-auth/target/test-classes/com/pointwest/*.class]
16:48:29.939 [main] DEBUG org.springframework.core.io.support.PathMatchingResourcePatternResolver - Looking for matching resources in directory tree [C:\Users\bryan.batanes\workspace_workforce_planner_f\pw-auth\target\classes\com\pointwest]
16:48:29.939 [main] DEBUG org.springframework.core.io.support.PathMatchingResourcePatternResolver - Searching directory [C:\Users\bryan.batanes\workspace_workforce_planner_f\pw-auth\target\classes\com\pointwest] for files matching pattern [C:/Users/bryan.batanes/workspace_workforce_planner_f/pw-auth/target/classes/com/pointwest/*.class]
16:48:29.940 [main] DEBUG org.springframework.core.io.support.PathMatchingResourcePatternResolver - Resolved location pattern [classpath*:com/pointwest/*.class] to resources []
16:48:29.941 [main] DEBUG org.springframework.core.io.support.PathMatchingResourcePatternResolver - Resolved classpath location [com/] to resources [URL [file:/C:/Users/bryan.batanes/workspace_workforce_planner_f/pw-auth/target/test-classes/com/], URL [file:/C:/Users/bryan.batanes/workspace_workforce_planner_f/pw-auth/target/classes/com/], URL [jar:file:/C:/Users/bryan.batanes/.m2/repository/com/fasterxml/classmate/1.3.3/classmate-1.3.3.jar!/com/], URL [jar:file:/C:/Users/bryan.batanes/.m2/repository/com/fasterxml/jackson/core/jackson-databind/2.8.7/jackson-databind-2.8.7.jar!/com/], URL [jar:file:/C:/Users/bryan.batanes/.m2/repository/com/fasterxml/jackson/core/jackson-annotations/2.8.7/jackson-annotations-2.8.7.jar!/com/], URL [jar:file:/C:/Users/bryan.batanes/.m2/repository/com/fasterxml/jackson/core/jackson-core/2.8.7/jackson-core-2.8.7.jar!/com/], URL [jar:file:/C:/Users/bryan.batanes/.m2/repository/com/jayway/jsonpath/json-path/2.2.0/json-path-2.2.0.jar!/com/], URL [jar:file:/C:/Users/bryan.batanes/.m2/repository/mysql/mysql-connector-java/5.1.41/mysql-connector-java-5.1.41.jar!/com/], URL [jar:file:/C:/Users/bryan.batanes/.m2/repository/com/google/api-client/google-api-client/1.22.0/google-api-client-1.22.0.jar!/com/], URL [jar:file:/C:/Users/bryan.batanes/.m2/repository/com/google/oauth-client/google-oauth-client/1.22.0/google-oauth-client-1.22.0.jar!/com/], URL [jar:file:/C:/Users/bryan.batanes/.m2/repository/com/google/http-client/google-http-client-jackson2/1.22.0/google-http-client-jackson2-1.22.0.jar!/com/], URL [jar:file:/C:/Users/bryan.batanes/.m2/repository/com/google/guava/guava-jdk5/17.0/guava-jdk5-17.0.jar!/com/], URL [jar:file:/C:/Users/bryan.batanes/.m2/repository/com/google/http-client/google-http-client-gson/1.22.0/google-http-client-gson-1.22.0.jar!/com/], URL [jar:file:/C:/Users/bryan.batanes/.m2/repository/com/google/http-client/google-http-client/1.22.0/google-http-client-1.22.0.jar!/com/], URL [jar:file:/C:/Users/bryan.batanes/.m2/repository/com/google/code/gson/gson/2.7/gson-2.7.jar!/com/], URL [jar:file:/C:/Users/bryan.batanes/.m2/repository/com/google/http-client/google-http-client-jackson/1.22.0/google-http-client-jackson-1.22.0.jar!/com/], URL [jar:file:/C:/Users/bryan.batanes/.m2/repository/com/auth0/java-jwt/3.1.0/java-jwt-3.1.0.jar!/com/]]
16:48:29.945 [main] DEBUG org.springframework.core.io.support.PathMatchingResourcePatternResolver - Looking for matching resources in directory tree [C:\Users\bryan.batanes\workspace_workforce_planner_f\pw-auth\target\test-classes\com]
16:48:29.945 [main] DEBUG org.springframework.core.io.support.PathMatchingResourcePatternResolver - Searching directory [C:\Users\bryan.batanes\workspace_workforce_planner_f\pw-auth\target\test-classes\com] for files matching pattern [C:/Users/bryan.batanes/workspace_workforce_planner_f/pw-auth/target/test-classes/com/*.class]
16:48:29.946 [main] DEBUG org.springframework.core.io.support.PathMatchingResourcePatternResolver - Looking for matching resources in directory tree [C:\Users\bryan.batanes\workspace_workforce_planner_f\pw-auth\target\classes\com]
16:48:29.946 [main] DEBUG org.springframework.core.io.support.PathMatchingResourcePatternResolver - Searching directory [C:\Users\bryan.batanes\workspace_workforce_planner_f\pw-auth\target\classes\com] for files matching pattern [C:/Users/bryan.batanes/workspace_workforce_planner_f/pw-auth/target/classes/com/*.class]
16:48:29.947 [main] DEBUG org.springframework.core.io.support.PathMatchingResourcePatternResolver - Looking for matching resources in jar file [file:/C:/Users/bryan.batanes/.m2/repository/com/fasterxml/classmate/1.3.3/classmate-1.3.3.jar]
16:48:29.947 [main] DEBUG org.springframework.core.io.support.PathMatchingResourcePatternResolver - Looking for matching resources in jar file [file:/C:/Users/bryan.batanes/.m2/repository/com/fasterxml/jackson/core/jackson-databind/2.8.7/jackson-databind-2.8.7.jar]
16:48:29.951 [main] DEBUG org.springframework.core.io.support.PathMatchingResourcePatternResolver - Looking for matching resources in jar file [file:/C:/Users/bryan.batanes/.m2/repository/com/fasterxml/jackson/core/jackson-annotations/2.8.7/jackson-annotations-2.8.7.jar]
16:48:29.952 [main] DEBUG org.springframework.core.io.support.PathMatchingResourcePatternResolver - Looking for matching resources in jar file [file:/C:/Users/bryan.batanes/.m2/repository/com/fasterxml/jackson/core/jackson-core/2.8.7/jackson-core-2.8.7.jar]
16:48:29.953 [main] DEBUG org.springframework.core.io.support.PathMatchingResourcePatternResolver - Looking for matching resources in jar file [file:/C:/Users/bryan.batanes/.m2/repository/com/jayway/jsonpath/json-path/2.2.0/json-path-2.2.0.jar]
16:48:29.954 [main] DEBUG org.springframework.core.io.support.PathMatchingResourcePatternResolver - Looking for matching resources in jar file [file:/C:/Users/bryan.batanes/.m2/repository/mysql/mysql-connector-java/5.1.41/mysql-connector-java-5.1.41.jar]
16:48:29.956 [main] DEBUG org.springframework.core.io.support.PathMatchingResourcePatternResolver - Looking for matching resources in jar file [file:/C:/Users/bryan.batanes/.m2/repository/com/google/api-client/google-api-client/1.22.0/google-api-client-1.22.0.jar]
16:48:29.957 [main] DEBUG org.springframework.core.io.support.PathMatchingResourcePatternResolver - Looking for matching resources in jar file [file:/C:/Users/bryan.batanes/.m2/repository/com/google/oauth-client/google-oauth-client/1.22.0/google-oauth-client-1.22.0.jar]
16:48:29.957 [main] DEBUG org.springframework.core.io.support.PathMatchingResourcePatternResolver - Looking for matching resources in jar file [file:/C:/Users/bryan.batanes/.m2/repository/com/google/http-client/google-http-client-jackson2/1.22.0/google-http-client-jackson2-1.22.0.jar]
16:48:29.957 [main] DEBUG org.springframework.core.io.support.PathMatchingResourcePatternResolver - Looking for matching resources in jar file [file:/C:/Users/bryan.batanes/.m2/repository/com/google/guava/guava-jdk5/17.0/guava-jdk5-17.0.jar]
16:48:29.966 [main] DEBUG org.springframework.core.io.support.PathMatchingResourcePatternResolver - Looking for matching resources in jar file [file:/C:/Users/bryan.batanes/.m2/repository/com/google/http-client/google-http-client-gson/1.22.0/google-http-client-gson-1.22.0.jar]
16:48:29.967 [main] DEBUG org.springframework.core.io.support.PathMatchingResourcePatternResolver - Looking for matching resources in jar file [file:/C:/Users/bryan.batanes/.m2/repository/com/google/http-client/google-http-client/1.22.0/google-http-client-1.22.0.jar]
16:48:29.969 [main] DEBUG org.springframework.core.io.support.PathMatchingResourcePatternResolver - Looking for matching resources in jar file [file:/C:/Users/bryan.batanes/.m2/repository/com/google/code/gson/gson/2.7/gson-2.7.jar]
16:48:29.970 [main] DEBUG org.springframework.core.io.support.PathMatchingResourcePatternResolver - Looking for matching resources in jar file [file:/C:/Users/bryan.batanes/.m2/repository/com/google/http-client/google-http-client-jackson/1.22.0/google-http-client-jackson-1.22.0.jar]
16:48:29.970 [main] DEBUG org.springframework.core.io.support.PathMatchingResourcePatternResolver - Looking for matching resources in jar file [file:/C:/Users/bryan.batanes/.m2/repository/com/auth0/java-jwt/3.1.0/java-jwt-3.1.0.jar]
16:48:29.971 [main] DEBUG org.springframework.core.io.support.PathMatchingResourcePatternResolver - Resolved location pattern [classpath*:com/*.class] to resources []
]]></system-out>
  </testcase>
</testsuite>